\BOOKMARK [0][-]{chapter.1}{Il\040Commesso\040Viaggiatore}{}% 1
\BOOKMARK [0][-]{chapter.2}{Euristiche\040per\040il\040TSP}{}% 2
\BOOKMARK [1][-]{section.2.1}{Tour\040construction}{chapter.2}% 3
\BOOKMARK [2][-]{subsection.2.1.1}{Strip\040\(STRIP\)}{section.2.1}% 4
\BOOKMARK [2][-]{subsection.2.1.2}{Nearest\040Neighbor\040\(NN\)}{section.2.1}% 5
\BOOKMARK [2][-]{subsection.2.1.3}{Nearest\040Insertion\040\(NI\)}{section.2.1}% 6
\BOOKMARK [2][-]{subsection.2.1.4}{Christofides\040\(CHR\)}{section.2.1}% 7
\BOOKMARK [1][-]{section.2.2}{Tour\040improvement}{chapter.2}% 8
\BOOKMARK [2][-]{subsection.2.2.1}{k-OPT\040e\0403-OPT\040migliorato}{section.2.2}% 9
\BOOKMARK [2][-]{subsection.2.2.2}{Lin-Kernighan}{section.2.2}% 10
\BOOKMARK [1][-]{section.2.3}{Euristiche\040composite\040e\040la\040variante\040di\040Helsgaun\040dell'algoritmo\040Lin-Kernighan}{chapter.2}% 11
\BOOKMARK [2][-]{subsection.2.3.1}{\376\377\000I\000n\000s\000i\000e\000m\000e\000\040\000d\000e\000i\000\040\000c\000a\000n\000d\000i\000d\000a\000t\000i\000\040\000e\000\040\003\261\000-\000n\000e\000a\000r\000n\000e\000s\000s}{section.2.3}% 12
\BOOKMARK [2][-]{subsection.2.3.2}{La\040scelta\040del\040tour\040iniziale}{section.2.3}% 13
\BOOKMARK [0][-]{chapter.3}{Implementazione\040e\040testing}{}% 14
\BOOKMARK [1][-]{section.3.1}{Scelte\040implementative}{chapter.3}% 15
\BOOKMARK [2][-]{subsection.3.1.1}{Strutture\040dati\040comuni\040e\040ridefinizioni\040di\040tipo}{section.3.1}% 16
\BOOKMARK [2][-]{subsection.3.1.2}{Nearest\040Neighbor\040e\040Nearest\040Insertion}{section.3.1}% 17
\BOOKMARK [2][-]{subsection.3.1.3}{Christofides}{section.3.1}% 18
\BOOKMARK [2][-]{subsection.3.1.4}{3-OPT}{section.3.1}% 19
\BOOKMARK [2][-]{subsection.3.1.5}{Lin-Kernighan-Helsgaun\040\(LKH\)}{section.3.1}% 20
\BOOKMARK [1][-]{section.3.2}{Soggetto\040della\040misura}{chapter.3}% 21
\BOOKMARK [1][-]{section.3.3}{Modalit\340\040di\040misurazione\040del\040tempo\040di\040esecuzione}{chapter.3}% 22
\BOOKMARK [1][-]{section.3.4}{Randomness}{chapter.3}% 23
\BOOKMARK [1][-]{section.3.5}{Risultati\040e\040confronti}{chapter.3}% 24
\BOOKMARK [2][-]{subsection.3.5.1}{Tabelle\040dei\040risultati}{section.3.5}% 25
\BOOKMARK [2][-]{subsection.3.5.2}{Tabelle\040e\040grafici\040dei\040confronti}{section.3.5}% 26
\BOOKMARK [0][-]{chapter.4}{Conclusioni}{}% 27
